-------------------------------------------------------------------------------
Test set: TestSuite
-------------------------------------------------------------------------------
Tests run: 4, Failures: 2, Errors: 0, Skipped: 0, Time elapsed: 1.38 sec <<< FAILURE!
testShouldFindCorrectMinimumFast(ass.kasimyur.cvi3.stock.trader.TraderTest)  Time elapsed: 0.009 sec  <<< FAILURE!
java.util.concurrent.RejectedExecutionException: Task java.util.concurrent.ExecutorCompletionService$QueueingFuture@19328f63 rejected from java.util.concurrent.ThreadPoolExecutor@17f56235[Terminated, pool size = 0, active threads = 0, queued tasks = 0, completed tasks = 10]
	at java.util.concurrent.ThreadPoolExecutor$AbortPolicy.rejectedExecution(ThreadPoolExecutor.java:2047)
	at java.util.concurrent.ThreadPoolExecutor.reject(ThreadPoolExecutor.java:823)
	at java.util.concurrent.ThreadPoolExecutor.execute(ThreadPoolExecutor.java:1369)
	at java.util.concurrent.ExecutorCompletionService.submit(ExecutorCompletionService.java:181)
	at ass.kasimyur.cvi3.stock.trader.solution.ExecutorTrader.suggestStockToBuy(ExecutorTrader.java:52)
	at ass.kasimyur.cvi3.stock.trader.TraderTest.testShouldFindCorrectMinimumFast(TraderTest.java:31)
testShouldSkipFailed(ass.kasimyur.cvi3.stock.trader.TraderTest)  Time elapsed: 0.004 sec  <<< FAILURE!
java.util.concurrent.RejectedExecutionException: Task java.util.concurrent.ExecutorCompletionService$QueueingFuture@312a12c2 rejected from java.util.concurrent.ThreadPoolExecutor@17f56235[Terminated, pool size = 0, active threads = 0, queued tasks = 0, completed tasks = 10]
	at java.util.concurrent.ThreadPoolExecutor$AbortPolicy.rejectedExecution(ThreadPoolExecutor.java:2047)
	at java.util.concurrent.ThreadPoolExecutor.reject(ThreadPoolExecutor.java:823)
	at java.util.concurrent.ThreadPoolExecutor.execute(ThreadPoolExecutor.java:1369)
	at java.util.concurrent.ExecutorCompletionService.submit(ExecutorCompletionService.java:181)
	at ass.kasimyur.cvi3.stock.trader.solution.ExecutorTrader.suggestStockToBuy(ExecutorTrader.java:52)
	at ass.kasimyur.cvi3.stock.trader.TraderTest.testShouldSkipFailed(TraderTest.java:39)
