<?xml version="1.0" encoding="UTF-8" ?>
<testsuite tests="4" failures="2" name="TestSuite" time="1.38" errors="0" skipped="0">
  <properties>
[...]
</properties>
  <testcase classname="ass.kasimyur.cvi3.functional.AverageStockPriceTest" name="average" time="0.379"/>
  <testcase classname="ass.kasimyur.cvi3.stock.trader.TraderTest" name="testShouldFindCorrectMinimum" time="0.05"/>
  <testcase classname="ass.kasimyur.cvi3.stock.trader.TraderTest" name="testShouldFindCorrectMinimumFast" time="0.009">
    <failure message="Task java.util.concurrent.ExecutorCompletionService$QueueingFuture@19328f63 rejected from java.util.concurrent.ThreadPoolExecutor@17f56235[Terminated, pool size = 0, active threads = 0, queued tasks = 0, completed tasks = 10]" type="java.util.concurrent.RejectedExecutionException">java.util.concurrent.RejectedExecutionException: Task java.util.concurrent.ExecutorCompletionService$QueueingFuture@19328f63 rejected from java.util.concurrent.ThreadPoolExecutor@17f56235[Terminated, pool size = 0, active threads = 0, queued tasks = 0, completed tasks = 10]
	at java.util.concurrent.ThreadPoolExecutor$AbortPolicy.rejectedExecution(ThreadPoolExecutor.java:2047)
	at java.util.concurrent.ThreadPoolExecutor.reject(ThreadPoolExecutor.java:823)
	at java.util.concurrent.ThreadPoolExecutor.execute(ThreadPoolExecutor.java:1369)
	at java.util.concurrent.ExecutorCompletionService.submit(ExecutorCompletionService.java:181)
	at ass.kasimyur.cvi3.stock.trader.solution.ExecutorTrader.suggestStockToBuy(ExecutorTrader.java:52)
	at ass.kasimyur.cvi3.stock.trader.TraderTest.testShouldFindCorrectMinimumFast(TraderTest.java:31)
</failure>
  </testcase>
  <testcase classname="ass.kasimyur.cvi3.stock.trader.TraderTest" name="testShouldSkipFailed" time="0.004">
    <failure message="Task java.util.concurrent.ExecutorCompletionService$QueueingFuture@312a12c2 rejected from java.util.concurrent.ThreadPoolExecutor@17f56235[Terminated, pool size = 0, active threads = 0, queued tasks = 0, completed tasks = 10]" type="java.util.concurrent.RejectedExecutionException">java.util.concurrent.RejectedExecutionException: Task java.util.concurrent.ExecutorCompletionService$QueueingFuture@312a12c2 rejected from java.util.concurrent.ThreadPoolExecutor@17f56235[Terminated, pool size = 0, active threads = 0, queued tasks = 0, completed tasks = 10]
	at java.util.concurrent.ThreadPoolExecutor$AbortPolicy.rejectedExecution(ThreadPoolExecutor.java:2047)
	at java.util.concurrent.ThreadPoolExecutor.reject(ThreadPoolExecutor.java:823)
	at java.util.concurrent.ThreadPoolExecutor.execute(ThreadPoolExecutor.java:1369)
	at java.util.concurrent.ExecutorCompletionService.submit(ExecutorCompletionService.java:181)
	at ass.kasimyur.cvi3.stock.trader.solution.ExecutorTrader.suggestStockToBuy(ExecutorTrader.java:52)
	at ass.kasimyur.cvi3.stock.trader.TraderTest.testShouldSkipFailed(TraderTest.java:39)
</failure>
  </testcase>
</testsuite>